<?xml version="1.0" encoding="UTF-8"?>
<!-- Generated by org.testng.reporters.JUnitXMLReporter -->
<testsuite hostname="Syeds-MacBook.local" name="Surefire test" tests="5" failures="0" timestamp="30 Apr 2018 02:16:51 GMT" time="0.917" errors="0">
  <testcase name="testMock1 on testMock1(com.bitcoin.BitcoinPricerTest)" time="0.79" classname="com.bitcoin.BitcoinPricerTest"/>
  <testcase name="testMock2 on testMock2(com.bitcoin.BitcoinPricerTest)" time="0.001" classname="com.bitcoin.BitcoinPricerTest"/>
  <testcase name="testMock3 on testMock3(com.bitcoin.BitcoinPricerTest)" time="0.0" classname="com.bitcoin.BitcoinPricerTest"/>
  <testcase name="testMock4 on testMock4(com.bitcoin.BitcoinPricerTest)" time="0.0" classname="com.bitcoin.BitcoinPricerTest"/>
  <testcase name="testAssertEqualsSameObjects on testAssertEqualsSameObjects(com.bitcoin.BitcoinPricerTest)" time="0.0" classname="com.bitcoin.BitcoinPricerTest"/>
</testsuite> <!-- Surefire test -->
