<?xml version="1.0" encoding="UTF-8"?>
<!-- Generated by org.testng.reporters.JUnitXMLReporter -->
<testsuite hostname="Syeds-MacBook.local" name="Surefire test" tests="8" failures="0" timestamp="2 May 2018 02:05:30 GMT" time="1.17" errors="0">
  <testcase name="testMock1 on testMock1(com.bitcoin.BitcoinPricerTest)" time="1.045" classname="com.bitcoin.BitcoinPricerTest"/>
  <testcase name="testMock2 on testMock2(com.bitcoin.BitcoinPricerTest)" time="0.001" classname="com.bitcoin.BitcoinPricerTest"/>
  <testcase name="testMock3 on testMock3(com.bitcoin.BitcoinPricerTest)" time="0.0" classname="com.bitcoin.BitcoinPricerTest"/>
  <testcase name="testMock4 on testMock4(com.bitcoin.BitcoinPricerTest)" time="0.001" classname="com.bitcoin.BitcoinPricerTest"/>
  <testcase name="testMock5 on testMock5(com.bitcoin.BitcoinPricerTest)" time="0.001" classname="com.bitcoin.BitcoinPricerTest"/>
  <testcase name="testIntegration on testIntegration(com.bitcoin.BitcoinPricerTest)" time="0.0" classname="com.bitcoin.BitcoinPricerTest"/>
  <testcase name="testAssertEqualsSameObjects on testAssertEqualsSameObjects(com.bitcoin.BitcoinPricerTest)" time="0.0" classname="com.bitcoin.BitcoinPricerTest"/>
  <testcase name="testIntegration_TDD on testIntegration_TDD(com.bitcoin.BitcoinPricerTest)" time="0.0" classname="com.bitcoin.BitcoinPricerTest"/>
</testsuite> <!-- Surefire test -->
