<?xml version="1.0" encoding="UTF-8"?>
<testsuite xmlns:xsi="http://www.w3.org/2001/XMLSchema-instance" xsi:schemaLocation="https://maven.apache.org/surefire/maven-surefire-plugin/xsd/surefire-test-report.xsd" name="com.bitcoin.BitcoinPricerTest" time="2.055" tests="8" errors="0" skipped="0" failures="0">
  <properties>
[...]
</properties>
  <testcase name="testMock1 on testMock1(com.bitcoin.BitcoinPricerTest)" classname="com.bitcoin.BitcoinPricerTest" time="1.041"/>
  <testcase name="testMock2 on testMock2(com.bitcoin.BitcoinPricerTest)" classname="com.bitcoin.BitcoinPricerTest" time="0"/>
  <testcase name="testMock3 on testMock3(com.bitcoin.BitcoinPricerTest)" classname="com.bitcoin.BitcoinPricerTest" time="0"/>
  <testcase name="testMock4 on testMock4(com.bitcoin.BitcoinPricerTest)" classname="com.bitcoin.BitcoinPricerTest" time="0"/>
  <testcase name="testMock5 on testMock5(com.bitcoin.BitcoinPricerTest)" classname="com.bitcoin.BitcoinPricerTest" time="0"/>
  <testcase name="testIntegration on testIntegration(com.bitcoin.BitcoinPricerTest)" classname="com.bitcoin.BitcoinPricerTest" time="0"/>
  <testcase name="testAssertEqualsSameObjects on testAssertEqualsSameObjects(com.bitcoin.BitcoinPricerTest)" classname="com.bitcoin.BitcoinPricerTest" time="0"/>
  <testcase name="testIntegration_TDD on testIntegration_TDD(com.bitcoin.BitcoinPricerTest)" classname="com.bitcoin.BitcoinPricerTest" time="0"/>
</testsuite>